SIM/GLOBAL/RUN_TYPE

New: MC
Previous: None
Date: 2021-02-18 12:07:17.707922
Success: True
ErrorMessage: None

SIM/GLOBAL/PRINT_LEVEL

New: LOW
Previous: None
Date: 2021-02-18 12:07:17.707932
Success: True
ErrorMessage: None

SIM/MOTION/MC/ENSEMBLE

New: TRADITIONAL
Previous: None
Date: 2021-02-18 12:07:17.707936
Success: True
ErrorMessage: None

SIM/MOTION/MC/TEMPERATURE

New: 298
Previous: None
Date: 2021-02-18 12:07:17.707940
Success: True
ErrorMessage: None

SIM/MOTION/MC/PRESSURE

New: 1.0
Previous: None
Date: 2021-02-18 12:07:17.707944
Success: True
ErrorMessage: None

SIM/MOTION/MC/ETA

New: 1
Previous: None
Date: 2021-02-18 12:07:17.707947
Success: True
ErrorMessage: None

SIM/MOTION/MC/LBIAS

New: TRUE
Previous: None
Date: 2021-02-18 12:07:17.707949
Success: True
ErrorMessage: None

SIM/MOTION/MC/LSTOP

New: FALSE
Previous: None
Date: 2021-02-18 12:07:17.707951
Success: True
ErrorMessage: None

SIM/MOTION/MC/NMOVES

New: 8
Previous: None
Date: 2021-02-18 12:07:17.707961
Success: True
ErrorMessage: None

SIM/MOTION/MC/NSWAPMOVES

New: 640
Previous: None
Date: 2021-02-18 12:07:17.707964
Success: True
ErrorMessage: None

SIM/MOTION/MC/NSTEP

New: 1
Previous: None
Date: 2021-02-18 12:07:17.707966
Success: True
ErrorMessage: None

SIM/MOTION/MC/RESTART

New: FALSE
Previous: None
Date: 2021-02-18 12:07:17.707968
Success: True
ErrorMessage: None

SIM/MOTION/MC/ETA

New: 0.0
Previous: None
Date: 2021-02-18 12:07:17.707971
Success: True
ErrorMessage: None

SIM/MOTION/MC/MOVE_PROBABILITIES/PMSWAP

New: 0.0
Previous: None
Date: 2021-02-18 12:07:17.707974
Success: True
ErrorMessage: None

SIM/MOTION/MC/MOVE_PROBABILITIES/PMTRAION

New: 0.2
Previous: None
Date: 2021-02-18 12:07:17.707976
Success: True
ErrorMessage: None

SIM/MOTION/MC/MOVE_PROBABILITIES/PMTRANS

New: 0.6
Previous: None
Date: 2021-02-18 12:07:17.707979
Success: True
ErrorMessage: None

SIM/MOTION/MC/MOVE_PROBABILITIES/PMVOLUME

New: 0.02
Previous: None
Date: 2021-02-18 12:07:17.707982
Success: True
ErrorMessage: None

SIM/MOTION/MC/MOVE_PROBABILITIES/PMHMC

New: 0.0
Previous: None
Date: 2021-02-18 12:07:17.707984
Success: True
ErrorMessage: None

SIM/MOTION/MC/MOVE_PROBABILITIES/PMAVBMC

New: 0.0
Previous: None
Date: 2021-02-18 12:07:17.707987
Success: True
ErrorMessage: None

SIM/MOTION/MC/MOVE_PROBABILITIES/MOL_PROBABILITIES/PMAVBMC_MOL

New: [1]
Previous: None
Date: 2021-02-18 12:07:17.707992
Success: True
ErrorMessage: None

SIM/MOTION/MC/MOVE_PROBABILITIES/MOL_PROBABILITIES/PMSWAP_MOL

New: [1.0]
Previous: None
Date: 2021-02-18 12:07:17.707996
Success: True
ErrorMessage: None

SIM/MOTION/MC/MOVE_PROBABILITIES/MOL_PROBABILITIES/PMTRAION_MOL

New: [1.0]
Previous: None
Date: 2021-02-18 12:07:17.707999
Success: True
ErrorMessage: None

SIM/MOTION/MC/MOVE_PROBABILITIES/MOL_PROBABILITIES/PMTRANS_MOL

New: [1.0]
Previous: None
Date: 2021-02-18 12:07:17.708002
Success: True
ErrorMessage: None

SIM/MOTION/MC/MOVE_PROBABILITIES/MOL_PROBABILITIES/PMROT_MOL

New: [1.0]
Previous: None
Date: 2021-02-18 12:07:17.708005
Success: True
ErrorMessage: None

SIM/MOTION/MC/MOVE_PROBABILITIES/BOX_PROBABILITIES/PMVOL_BOX

New: 1.0
Previous: None
Date: 2021-02-18 12:07:17.708009
Success: True
ErrorMessage: None

SIM/MOTION/MC/MOVE_PROBABILITIES/BOX_PROBABILITIES/PMHMC_BOX

New: 1.0
Previous: None
Date: 2021-02-18 12:07:17.708012
Success: True
ErrorMessage: None

SIM/MOTION/MC/AVBMC/IUPTRANS

New: 100
Previous: None
Date: 2021-02-18 12:07:17.708016
Success: True
ErrorMessage: None

SIM/MOTION/MC/AVBMC/IUPVOLUME

New: 100
Previous: None
Date: 2021-02-18 12:07:17.708018
Success: True
ErrorMessage: None

SIM/MOTION/MC/MAX_DISPLACEMENTS/MOL_DISPLACEMENTS/RMDIHEDRAL

New: [3.0]
Previous: None
Date: 2021-02-18 12:07:17.708022
Success: True
ErrorMessage: None

SIM/MOTION/MC/MAX_DISPLACEMENTS/MOL_DISPLACEMENTS/RMANGLE

New: [3.0]
Previous: None
Date: 2021-02-18 12:07:17.708026
Success: True
ErrorMessage: None

SIM/MOTION/MC/MAX_DISPLACEMENTS/MOL_DISPLACEMENTS/RMBOND

New: [0.074]
Previous: None
Date: 2021-02-18 12:07:17.708029
Success: True
ErrorMessage: None

SIM/MOTION/MC/MAX_DISPLACEMENTS/MOL_DISPLACEMENTS/RMROT

New: [26.0]
Previous: None
Date: 2021-02-18 12:07:17.708032
Success: True
ErrorMessage: None

SIM/MOTION/MC/MAX_DISPLACEMENTS/MOL_DISPLACEMENTS/RMTRANS

New: [0.38]
Previous: None
Date: 2021-02-18 12:07:17.708034
Success: True
ErrorMessage: None

SIM/MOTION/MC/MAX_DISPLACEMENTS/THERMOSTAT/RMVOLUME

New: 100.5
Previous: None
Date: 2021-02-18 12:07:17.708038
Success: True
ErrorMessage: None

SIM/MOTION/MC/AVBMC/AVBMC_ATOM

New: [1]
Previous: None
Date: 2021-02-18 12:07:17.708042
Success: True
ErrorMessage: None

SIM/MOTION/MC/AVBMC/AVBMC_RMIN

New: [1.0]
Previous: None
Date: 2021-02-18 12:07:17.708045
Success: True
ErrorMessage: None

SIM/MOTION/MC/AVBMC/AVBMC_RMAX

New: [5.0]
Previous: None
Date: 2021-02-18 12:07:17.708049
Success: True
ErrorMessage: None

SIM/MOTION/MC/AVBMC/PBIAS

New: [0.5]
Previous: None
Date: 2021-02-18 12:07:17.708052
Success: True
ErrorMessage: None

SIM/MOTION/METHOD

New: FIST
Previous: None
Date: 2021-02-18 12:07:17.708055
Success: True
ErrorMessage: None

SIM/MOTION/MM/FORCEFIELD/PARMTYPE

New: CHM
Previous: None
Date: 2021-02-18 12:07:17.708060
Success: True
ErrorMessage: None

SIM/MOTION/MM/FORCEFIELD/PARM_FILE_NAME

New: ammonia_charmm_bias.inp
Previous: None
Date: 2021-02-18 12:07:17.708069
Success: True
ErrorMessage: None

SIM/MOTION/MM/FORCEFIELD/SPLINE/EMAX_SPLINE

New: 10000
Previous: None
Date: 2021-02-18 12:07:17.708076
Success: True
ErrorMessage: None

SIM/MOTION/MM/POISSON/EWALD/EWALD_TYPE

New: EWALD
Previous: None
Date: 2021-02-18 12:07:17.708080
Success: True
ErrorMessage: None

SIM/MOTION/MM/POISSON/EWALD/EWALD_ACCURACY

New: 1e-06
Previous: None
Date: 2021-02-18 12:07:17.708083
Success: True
ErrorMessage: None

SIM/MOTION/MM/POISSON/EWALD/GMAX

New: 25
Previous: None
Date: 2021-02-18 12:07:17.708085
Success: True
ErrorMessage: None

SIM/MOTION/SUBSYS/DFT/ABC

New: 10 10 10
Previous: None
Date: 2021-02-18 12:07:17.708089
Success: True
ErrorMessage: None

SIM/MOTION/SUBSYS/DFT/PERIODIC

New: XYZ
Previous: None
Date: 2021-02-18 12:07:17.708093
Success: True
ErrorMessage: None

SIM/MOTION/SUBSYS/DFT/SYMMETRY

New: CUBIC
Previous: None
Date: 2021-02-18 12:07:17.708095
Success: True
ErrorMessage: None

SIM/MOTION/SUBSYS/DFT/DEFAULT_KEYWORD

New: bias_coord.xyz
Previous: None
Date: 2021-02-18 12:07:17.708098
Success: True
ErrorMessage: None

SIM/MOTION/SUBSYS/TOPOLOGY/CONN_FILE_FORMAT

New: MOL_SET
Previous: None
Date: 2021-02-18 12:07:17.708102
Success: True
ErrorMessage: None

SIM/MOTION/SUBSYS/TOPOLOGY/MOL_SET/MOLECULE/NMOL

New: 49
Previous: None
Date: 2021-02-18 12:07:17.708127
Success: True
ErrorMessage: None

SIM/MOTION/SUBSYS/TOPOLOGY/MOL_SET/MOLECULE/CONN_FILE_NAME

New: ammonia_bias.psf
Previous: None
Date: 2021-02-18 12:07:17.708130
Success: True
ErrorMessage: None

