SIM/GLOBAL/PRINT_LEVEL

New: LOW
Previous: None
Date: 2021-02-18 12:07:17.690949
Success: True
ErrorMessage: None

SIM/GLOBAL/RUN_TYPE

New: MC
Previous: None
Date: 2021-02-18 12:07:17.690963
Success: True
ErrorMessage: None

SIM/GLOBAL/PRINT_LEVEL

New: LOW
Previous: LOW
Date: 2021-02-18 12:07:17.690968
Success: True
ErrorMessage: None

SIM/GLOBAL/SEED

New: 1
Previous: None
Date: 2021-02-18 12:07:17.690973
Success: True
ErrorMessage: None

SIM/MOTION/METHOD

New: QUICKSTEP
Previous: None
Date: 2021-02-18 12:07:17.690983
Success: True
ErrorMessage: None

SIM/MOTION/STRESS_TENSOR

New: ANALYTICAL
Previous: QUICKSTEP
Date: 2021-02-18 12:07:17.690991
Success: True
ErrorMessage: None

SIM/MOTION/DFT/ABASIS_SET_FILE_NAME

New: BASIS_MOLOPT
Previous: None
Date: 2021-02-18 12:07:17.690996
Success: True
ErrorMessage: None

SIM/MOTION/DFT/POTENTIAL_FILE_NAME

New: GTH_POTENTIALS
Previous: None
Date: 2021-02-18 12:07:17.690999
Success: True
ErrorMessage: None

SIM/MOTION/DFT/CHARGE

New: 0
Previous: None
Date: 2021-02-18 12:07:17.691023
Success: True
ErrorMessage: None

SIM/MOTION/DFT/MULTIPLICITY

New: 1
Previous: None
Date: 2021-02-18 12:07:17.691047
Success: True
ErrorMessage: None

SIM/MOTION/DFT/MGRID/CUTOFF

New: 200
Previous: None
Date: 2021-02-18 12:07:17.691052
Success: True
ErrorMessage: None

SIM/MOTION/DFT/MGRID/REL_CUTOFF

New: 60
Previous: None
Date: 2021-02-18 12:07:17.691059
Success: True
ErrorMessage: None

SIM/MOTION/DFT/MGRID/NGRIDS

New: 4
Previous: None
Date: 2021-02-18 12:07:17.691065
Success: True
ErrorMessage: None

SIM/MOTION/DFT/ENERGY/METHOD

New: GPW
Previous: None
Date: 2021-02-18 12:07:17.691073
Success: True
ErrorMessage: None

SIM/MOTION/DFT/ENERGY/EPS_DEFAULT

New: 1e-08
Previous: None
Date: 2021-02-18 12:07:17.691081
Success: True
ErrorMessage: None

SIM/MOTION/DFT/ENERGY/EXTRAPOLATION

New: ASPC
Previous: None
Date: 2021-02-18 12:07:17.691088
Success: True
ErrorMessage: None

SIM/MOTION/DFT/POISSON/PERIODIC

New: XYZ
Previous: None
Date: 2021-02-18 12:07:17.691093
Success: True
ErrorMessage: None

SIM/MOTION/DFT/PRINT/PRINT/SECTION_PARAMETERS

New: OFF
Previous: None
Date: 2021-02-18 12:07:17.691101
Success: True
ErrorMessage: None

SIM/MOTION/DFT/SCF/SCF_GUESS

New: ATOMIC
Previous: None
Date: 2021-02-18 12:07:17.691108
Success: True
ErrorMessage: None

SIM/MOTION/DFT/SCF/MAX_SCF

New: 20
Previous: None
Date: 2021-02-18 12:07:17.691118
Success: True
ErrorMessage: None

SIM/MOTION/DFT/SCF/SCF_GUESS

New: RESTART
Previous: ATOMIC
Date: 2021-02-18 12:07:17.691124
Success: True
ErrorMessage: None

SIM/MOTION/DFT/SCF/OT/SECTION_PARAMETERS

New: .TRUE.
Previous: None
Date: 2021-02-18 12:07:17.691128
Success: True
ErrorMessage: None

SIM/MOTION/DFT/SCF/OT/PRECONDITIONER

New: FULL_SINGLE_INVERSE
Previous: None
Date: 2021-02-18 12:07:17.691132
Success: True
ErrorMessage: None

SIM/MOTION/DFT/SCF/OT/MINIMIZER

New: DIIS
Previous: None
Date: 2021-02-18 12:07:17.691136
Success: True
ErrorMessage: None

SIM/MOTION/DFT/SCF/OUTER_SCF/SECTION_PARAMETERS

New: .TRUE.
Previous: None
Date: 2021-02-18 12:07:17.691139
Success: True
ErrorMessage: None

SIM/MOTION/DFT/SCF/OUTER_SCF/MAX_SCF

New: 10
Previous: None
Date: 2021-02-18 12:07:17.691143
Success: True
ErrorMessage: None

SIM/MOTION/DFT/SCF/OUTER_SCF/EPS_SCF

New: 1e-06
Previous: 1e-06
Date: 2021-02-18 12:07:17.691146
Success: True
ErrorMessage: None

SIM/MOTION/DFT/SCF/SCF_PRINT/FORCES/SECTION_PARAMETERS

New: OFF
Previous: None
Date: 2021-02-18 12:07:17.691152
Success: True
ErrorMessage: None

SIM/MOTION/DFT/SCF/SCF_PRINT/DM_RESTART_WRITE

New: .TRUE.
Previous: None
Date: 2021-02-18 12:07:17.691156
Success: True
ErrorMessage: None

SIM/MOTION/DFT/XC/XC_FUNCTIONAL/SECTION_PARAMETERS

New: PBE
Previous: None
Date: 2021-02-18 12:07:17.691161
Success: True
ErrorMessage: None

SIM/MOTION/DFT/XC/VDW_POTENTIAL/POTENTIAL_TYPE

New: PAIR_POTENTIAL
Previous: None
Date: 2021-02-18 12:07:17.691165
Success: True
ErrorMessage: None

SIM/MOTION/DFT/XC/VDW_POTENTIAL/PAIR_POTENTIAL/TYPE

New: DFTD3
Previous: None
Date: 2021-02-18 12:07:17.691186
Success: True
ErrorMessage: None

SIM/MOTION/DFT/XC/VDW_POTENTIAL/PAIR_POTENTIAL/PARAMETER_FILE_NAME

New: dftd3.dat
Previous: None
Date: 2021-02-18 12:07:17.691189
Success: True
ErrorMessage: None

SIM/MOTION/DFT/XC/VDW_POTENTIAL/PAIR_POTENTIAL/REFERENCE_FUNCTIONAL

New: PBE
Previous: None
Date: 2021-02-18 12:07:17.691192
Success: True
ErrorMessage: None

SIM/MOTION/DFT/XC/VDW_POTENTIAL/PAIR_POTENTIAL/R_CUTOFF

New: 12
Previous: None
Date: 2021-02-18 12:07:17.691214
Success: True
ErrorMessage: None

SIM/MOTION/DFT/XC/VDW_POTENTIAL/PAIR_POTENTIAL/CALCULATE_C9_TERM

New: .TRUE.
Previous: None
Date: 2021-02-18 12:07:17.691217
Success: True
ErrorMessage: None

SIM/MOTION/DFT/XC/VDW_POTENTIAL/PAIR_POTENTIAL/REFERENCE_C9_TERM

New: .TRUE.
Previous: None
Date: 2021-02-18 12:07:17.691221
Success: True
ErrorMessage: None

SIM/MOTION/DFT/XC/VDW_POTENTIAL/PAIR_POTENTIAL/LONG_RANGE_CORRECTION

New: .TRUE.
Previous: None
Date: 2021-02-18 12:07:17.691224
Success: True
ErrorMessage: None

SIM/MOTION/DFT/XC/VDW_POTENTIAL/PAIR_POTENTIAL/EPS_CN

New: 1e-06
Previous: None
Date: 2021-02-18 12:07:17.691227
Success: True
ErrorMessage: None

SIM/MOTION/DFT/XC/THERMOSTAT/XC_DERIV

New: SPLINE2
Previous: None
Date: 2021-02-18 12:07:17.691231
Success: True
ErrorMessage: None

SIM/MOTION/DFT/XC/THERMOSTAT/XC_SMOOTH_RHO

New: NONE
Previous: None
Date: 2021-02-18 12:07:17.691235
Success: True
ErrorMessage: None

SIM/MOTION/SUBSYS/DFT/ABC

New: 10.0 10.0 10.0
Previous: None
Date: 2021-02-18 12:07:17.691264
Success: True
ErrorMessage: None

SIM/MOTION/SUBSYS/DFT/ALPHA_BETA_GAMMA

New: 90.0 90.0 90.0
Previous: None
Date: 2021-02-18 12:07:17.691272
Success: True
ErrorMessage: None

SIM/MOTION/SUBSYS/DFT/CELL_REF/ABC

New: 10.0 10.0 10.0
Previous: None
Date: 2021-02-18 12:07:17.691279
Success: True
ErrorMessage: None

SIM/MOTION/SUBSYS/DFT/DEFAULT_KEYWORD

New: NH3_NVT_GEMC_box2_initial.xyz
Previous: None
Date: 2021-02-18 12:07:17.691284
Success: True
ErrorMessage: None

SIM/MOTION/SUBSYS/DFT/PERIODIC

New: XYZ
Previous: None
Date: 2021-02-18 12:07:17.691287
Success: True
ErrorMessage: None

SIM/MOTION/SUBSYS/DFT/SYMMETRY

New: CUBIC
Previous: None
Date: 2021-02-18 12:07:17.691290
Success: True
ErrorMessage: None

SIM/MOTION/SUBSYS/KIND/SECTION_PARAMETERS

New: H
Previous: None
Date: 2021-02-18 12:07:17.691374
Success: True
ErrorMessage: None

SIM/MOTION/SUBSYS/KIND/BASIS_SET

New: DZVP-MOLOPT-GTH
Previous: None
Date: 2021-02-18 12:07:17.691379
Success: True
ErrorMessage: None

SIM/MOTION/SUBSYS/KIND/POTENTIAL

New: GTH-PBE
Previous: None
Date: 2021-02-18 12:07:17.691403
Success: True
ErrorMessage: None

SIM/MOTION/SUBSYS/KIND/SECTION_PARAMETERS

New: N
Previous: None
Date: 2021-02-18 12:07:17.691406
Success: True
ErrorMessage: None

SIM/MOTION/SUBSYS/KIND/BASIS_SET

New: DZVP-MOLOPT-GTH
Previous: None
Date: 2021-02-18 12:07:17.691409
Success: True
ErrorMessage: None

SIM/MOTION/SUBSYS/KIND/POTENTIAL

New: GTH-PBE
Previous: None
Date: 2021-02-18 12:07:17.691412
Success: True
ErrorMessage: None

SIM/MOTION/SUBSYS/TOPOLOGY/CONN_FILE_FORMAT

New: MOL_SET
Previous: None
Date: 2021-02-18 12:07:17.691417
Success: True
ErrorMessage: None

SIM/MOTION/SUBSYS/TOPOLOGY/MOL_SET/MOLECULE/NMOL

New: 1
Previous: None
Date: 2021-02-18 12:07:17.691436
Success: True
ErrorMessage: None

SIM/MOTION/SUBSYS/TOPOLOGY/MOL_SET/MOLECULE/CONN_FILE_NAME

New: ammonia_bias.psf
Previous: None
Date: 2021-02-18 12:07:17.691440
Success: True
ErrorMessage: None

SIM/MOTION/MC/ENSEMBLE

New: GEMC_NVT
Previous: None
Date: 2021-02-18 12:07:17.691447
Success: True
ErrorMessage: None

SIM/MOTION/MC/TEMPERATURE

New: 298
Previous: None
Date: 2021-02-18 12:07:17.691451
Success: True
ErrorMessage: None

SIM/MOTION/MC/PRESSURE

New: 1.0
Previous: None
Date: 2021-02-18 12:07:17.691455
Success: True
ErrorMessage: None

SIM/MOTION/MC/ETA

New: 1
Previous: None
Date: 2021-02-18 12:07:17.691458
Success: True
ErrorMessage: None

SIM/MOTION/MC/LBIAS

New: TRUE
Previous: None
Date: 2021-02-18 12:07:17.691461
Success: True
ErrorMessage: None

SIM/MOTION/MC/LSTOP

New: FALSE
Previous: None
Date: 2021-02-18 12:07:17.691463
Success: True
ErrorMessage: None

SIM/MOTION/MC/NMOVES

New: 8
Previous: None
Date: 2021-02-18 12:07:17.691466
Success: True
ErrorMessage: None

SIM/MOTION/MC/NSWAPMOVES

New: 640
Previous: None
Date: 2021-02-18 12:07:17.691468
Success: True
ErrorMessage: None

SIM/MOTION/MC/NSTEP

New: 1000
Previous: None
Date: 2021-02-18 12:07:17.691471
Success: True
ErrorMessage: None

SIM/MOTION/MC/RESTART

New: FALSE
Previous: None
Date: 2021-02-18 12:07:17.691473
Success: True
ErrorMessage: None

SIM/MOTION/MC/BOX2_FILE_NAME

New: GEMC_NVT_box1.inp
Previous: None
Date: 2021-02-18 12:07:17.691477
Success: True
ErrorMessage: None

SIM/MOTION/MC/RESTART_FILE_NAME

New: mc_restart_2
Previous: None
Date: 2021-02-18 12:07:17.691479
Success: True
ErrorMessage: None

SIM/MOTION/MC/ETA

New: 0.0
Previous: None
Date: 2021-02-18 12:07:17.691482
Success: True
ErrorMessage: None

SIM/MOTION/MC/MOVE_PROBABILITIES/PMSWAP

New: 0.4
Previous: None
Date: 2021-02-18 12:07:17.691503
Success: True
ErrorMessage: None

SIM/MOTION/MC/MOVE_PROBABILITIES/PMTRAION

New: 0.5
Previous: None
Date: 2021-02-18 12:07:17.691506
Success: True
ErrorMessage: None

SIM/MOTION/MC/MOVE_PROBABILITIES/PMCLTRANS

New: 0.0
Previous: None
Date: 2021-02-18 12:07:17.691508
Success: True
ErrorMessage: None

SIM/MOTION/MC/MOVE_PROBABILITIES/PMTRANS

New: 0.75
Previous: None
Date: 2021-02-18 12:07:17.691511
Success: True
ErrorMessage: None

SIM/MOTION/MC/MOVE_PROBABILITIES/PMVOLUME

New: 0.05
Previous: None
Date: 2021-02-18 12:07:17.691515
Success: True
ErrorMessage: None

SIM/MOTION/MC/MOVE_PROBABILITIES/PMHMC

New: 0
Previous: None
Date: 2021-02-18 12:07:17.691518
Success: True
ErrorMessage: None

SIM/MOTION/MC/MOVE_PROBABILITIES/PMAVBMC

New: 0
Previous: None
Date: 2021-02-18 12:07:17.691521
Success: True
ErrorMessage: None

SIM/MOTION/MC/MOVE_PROBABILITIES/MOL_PROBABILITIES/PMAVBMC_MOL

New: [1]
Previous: None
Date: 2021-02-18 12:07:17.691536
Success: True
ErrorMessage: None

SIM/MOTION/MC/MOVE_PROBABILITIES/MOL_PROBABILITIES/PMSWAP_MOL

New: [1]
Previous: None
Date: 2021-02-18 12:07:17.691540
Success: True
ErrorMessage: None

SIM/MOTION/MC/MOVE_PROBABILITIES/MOL_PROBABILITIES/PMTRAION_MOL

New: [1]
Previous: None
Date: 2021-02-18 12:07:17.691543
Success: True
ErrorMessage: None

SIM/MOTION/MC/MOVE_PROBABILITIES/MOL_PROBABILITIES/PMTRANS_MOL

New: [1]
Previous: None
Date: 2021-02-18 12:07:17.691547
Success: True
ErrorMessage: None

SIM/MOTION/MC/MOVE_PROBABILITIES/MOL_PROBABILITIES/PMROT_MOL

New: [1]
Previous: None
Date: 2021-02-18 12:07:17.691550
Success: True
ErrorMessage: None

SIM/MOTION/MC/MOVE_PROBABILITIES/BOX_PROBABILITIES/PMVOL_BOX

New: 1.0
Previous: None
Date: 2021-02-18 12:07:17.691554
Success: True
ErrorMessage: None

SIM/MOTION/MC/MOVE_PROBABILITIES/BOX_PROBABILITIES/PMHMC_BOX

New: 1.0
Previous: None
Date: 2021-02-18 12:07:17.691557
Success: True
ErrorMessage: None

SIM/MOTION/MC/AVBMC/IUPTRANS

New: 20
Previous: None
Date: 2021-02-18 12:07:17.691561
Success: True
ErrorMessage: None

SIM/MOTION/MC/AVBMC/IUPVOLUME

New: 20
Previous: None
Date: 2021-02-18 12:07:17.691564
Success: True
ErrorMessage: None

SIM/MOTION/MC/MAX_DISPLACEMENTS/MOL_DISPLACEMENTS/RMDIHEDRAL

New: [3.0]
Previous: None
Date: 2021-02-18 12:07:17.691570
Success: True
ErrorMessage: None

SIM/MOTION/MC/MAX_DISPLACEMENTS/MOL_DISPLACEMENTS/RMANGLE

New: [3.0]
Previous: None
Date: 2021-02-18 12:07:17.691574
Success: True
ErrorMessage: None

SIM/MOTION/MC/MAX_DISPLACEMENTS/MOL_DISPLACEMENTS/RMBOND

New: [0.074]
Previous: None
Date: 2021-02-18 12:07:17.691577
Success: True
ErrorMessage: None

SIM/MOTION/MC/MAX_DISPLACEMENTS/MOL_DISPLACEMENTS/RMROT

New: [26.0]
Previous: None
Date: 2021-02-18 12:07:17.691580
Success: True
ErrorMessage: None

SIM/MOTION/MC/MAX_DISPLACEMENTS/MOL_DISPLACEMENTS/RMTRANS

New: [0.38]
Previous: None
Date: 2021-02-18 12:07:17.691583
Success: True
ErrorMessage: None

SIM/MOTION/MC/MAX_DISPLACEMENTS/THERMOSTAT/RMVOLUME

New: 100.5
Previous: None
Date: 2021-02-18 12:07:17.691588
Success: True
ErrorMessage: None

SIM/MOTION/MC/AVBMC/AVBMC_ATOM

New: [1]
Previous: None
Date: 2021-02-18 12:07:17.691593
Success: True
ErrorMessage: None

SIM/MOTION/MC/AVBMC/AVBMC_RMIN

New: [1]
Previous: None
Date: 2021-02-18 12:07:17.691597
Success: True
ErrorMessage: None

SIM/MOTION/MC/AVBMC/AVBMC_RMAX

New: [1]
Previous: None
Date: 2021-02-18 12:07:17.691599
Success: True
ErrorMessage: None

SIM/MOTION/MC/AVBMC/PBIAS

New: [1]
Previous: None
Date: 2021-02-18 12:07:17.691602
Success: True
ErrorMessage: None

