SIM/GLOBAL/PRINT_LEVEL

New: LOW
Previous: None
Date: 2022-10-03 12:34:04.700021
Success: True
ErrorMessage: None

SIM/GLOBAL/RUN_TYPE

New: MC
Previous: None
Date: 2022-10-03 12:34:04.700028
Success: True
ErrorMessage: None

SIM/GLOBAL/PRINT_LEVEL

New: LOW
Previous: LOW
Date: 2022-10-03 12:34:04.700031
Success: True
ErrorMessage: None

SIM/GLOBAL/SEED

New: 1
Previous: None
Date: 2022-10-03 12:34:04.700033
Success: True
ErrorMessage: None

SIM/MOTION/METHOD

New: QUICKSTEP
Previous: None
Date: 2022-10-03 12:34:04.700037
Success: True
ErrorMessage: None

SIM/MOTION/STRESS_TENSOR

New: ANALYTICAL
Previous: QUICKSTEP
Date: 2022-10-03 12:34:04.700039
Success: True
ErrorMessage: None

SIM/MOTION/DFT/ABASIS_SET_FILE_NAME

New: BASIS_MOLOPT
Previous: None
Date: 2022-10-03 12:34:04.700041
Success: True
ErrorMessage: None

SIM/MOTION/DFT/POTENTIAL_FILE_NAME

New: GTH_POTENTIALS
Previous: None
Date: 2022-10-03 12:34:04.700043
Success: True
ErrorMessage: None

SIM/MOTION/DFT/CHARGE

New: 0
Previous: None
Date: 2022-10-03 12:34:04.700046
Success: True
ErrorMessage: None

SIM/MOTION/DFT/MULTIPLICITY

New: 1
Previous: None
Date: 2022-10-03 12:34:04.700048
Success: True
ErrorMessage: None

SIM/MOTION/DFT/MGRID/CUTOFF

New: 200
Previous: None
Date: 2022-10-03 12:34:04.700051
Success: True
ErrorMessage: None

SIM/MOTION/DFT/MGRID/REL_CUTOFF

New: 60
Previous: None
Date: 2022-10-03 12:34:04.700053
Success: True
ErrorMessage: None

SIM/MOTION/DFT/MGRID/NGRIDS

New: 4
Previous: None
Date: 2022-10-03 12:34:04.700055
Success: True
ErrorMessage: None

SIM/MOTION/DFT/ENERGY/METHOD

New: GPW
Previous: None
Date: 2022-10-03 12:34:04.700058
Success: True
ErrorMessage: None

SIM/MOTION/DFT/ENERGY/EPS_DEFAULT

New: 1e-08
Previous: None
Date: 2022-10-03 12:34:04.700061
Success: True
ErrorMessage: None

SIM/MOTION/DFT/ENERGY/EXTRAPOLATION

New: ASPC
Previous: None
Date: 2022-10-03 12:34:04.700063
Success: True
ErrorMessage: None

SIM/MOTION/DFT/POISSON/PERIODIC

New: XYZ
Previous: None
Date: 2022-10-03 12:34:04.700066
Success: True
ErrorMessage: None

SIM/MOTION/DFT/PRINT/PRINT/SECTION_PARAMETERS

New: OFF
Previous: None
Date: 2022-10-03 12:34:04.700070
Success: True
ErrorMessage: None

SIM/MOTION/DFT/SCF/SCF_GUESS

New: ATOMIC
Previous: None
Date: 2022-10-03 12:34:04.700073
Success: True
ErrorMessage: None

SIM/MOTION/DFT/SCF/MAX_SCF

New: 20
Previous: None
Date: 2022-10-03 12:34:04.700076
Success: True
ErrorMessage: None

SIM/MOTION/DFT/SCF/SCF_GUESS

New: RESTART
Previous: ATOMIC
Date: 2022-10-03 12:34:04.700079
Success: True
ErrorMessage: None

SIM/MOTION/DFT/SCF/OT/SECTION_PARAMETERS

New: .TRUE.
Previous: None
Date: 2022-10-03 12:34:04.700081
Success: True
ErrorMessage: None

SIM/MOTION/DFT/SCF/OT/PRECONDITIONER

New: FULL_SINGLE_INVERSE
Previous: None
Date: 2022-10-03 12:34:04.700084
Success: True
ErrorMessage: None

SIM/MOTION/DFT/SCF/OT/MINIMIZER

New: DIIS
Previous: None
Date: 2022-10-03 12:34:04.700087
Success: True
ErrorMessage: None

SIM/MOTION/DFT/SCF/OUTER_SCF/SECTION_PARAMETERS

New: .TRUE.
Previous: None
Date: 2022-10-03 12:34:04.700090
Success: True
ErrorMessage: None

SIM/MOTION/DFT/SCF/OUTER_SCF/MAX_SCF

New: 10
Previous: None
Date: 2022-10-03 12:34:04.700092
Success: True
ErrorMessage: None

SIM/MOTION/DFT/SCF/OUTER_SCF/EPS_SCF

New: 1e-06
Previous: 1e-06
Date: 2022-10-03 12:34:04.700095
Success: True
ErrorMessage: None

SIM/MOTION/DFT/SCF/SCF_PRINT/FORCES/SECTION_PARAMETERS

New: OFF
Previous: None
Date: 2022-10-03 12:34:04.700098
Success: True
ErrorMessage: None

SIM/MOTION/DFT/SCF/SCF_PRINT/DM_RESTART_WRITE

New: .TRUE.
Previous: None
Date: 2022-10-03 12:34:04.700101
Success: True
ErrorMessage: None

SIM/MOTION/DFT/XC/XC_FUNCTIONAL/SECTION_PARAMETERS

New: PBE
Previous: None
Date: 2022-10-03 12:34:04.700104
Success: True
ErrorMessage: None

SIM/MOTION/DFT/XC/VDW_POTENTIAL/POTENTIAL_TYPE

New: PAIR_POTENTIAL
Previous: None
Date: 2022-10-03 12:34:04.700107
Success: True
ErrorMessage: None

SIM/MOTION/DFT/XC/VDW_POTENTIAL/PAIR_POTENTIAL/TYPE

New: DFTD3
Previous: None
Date: 2022-10-03 12:34:04.700110
Success: True
ErrorMessage: None

SIM/MOTION/DFT/XC/VDW_POTENTIAL/PAIR_POTENTIAL/PARAMETER_FILE_NAME

New: dftd3.dat
Previous: None
Date: 2022-10-03 12:34:04.700112
Success: True
ErrorMessage: None

SIM/MOTION/DFT/XC/VDW_POTENTIAL/PAIR_POTENTIAL/REFERENCE_FUNCTIONAL

New: PBE
Previous: None
Date: 2022-10-03 12:34:04.700114
Success: True
ErrorMessage: None

SIM/MOTION/DFT/XC/VDW_POTENTIAL/PAIR_POTENTIAL/R_CUTOFF

New: 12
Previous: None
Date: 2022-10-03 12:34:04.700117
Success: True
ErrorMessage: None

SIM/MOTION/DFT/XC/VDW_POTENTIAL/PAIR_POTENTIAL/CALCULATE_C9_TERM

New: .TRUE.
Previous: None
Date: 2022-10-03 12:34:04.700119
Success: True
ErrorMessage: None

SIM/MOTION/DFT/XC/VDW_POTENTIAL/PAIR_POTENTIAL/REFERENCE_C9_TERM

New: .TRUE.
Previous: None
Date: 2022-10-03 12:34:04.700122
Success: True
ErrorMessage: None

SIM/MOTION/DFT/XC/VDW_POTENTIAL/PAIR_POTENTIAL/LONG_RANGE_CORRECTION

New: .TRUE.
Previous: None
Date: 2022-10-03 12:34:04.700124
Success: True
ErrorMessage: None

SIM/MOTION/DFT/XC/VDW_POTENTIAL/PAIR_POTENTIAL/EPS_CN

New: 1e-06
Previous: None
Date: 2022-10-03 12:34:04.700127
Success: True
ErrorMessage: None

SIM/MOTION/DFT/XC/THERMOSTAT/XC_DERIV

New: SPLINE2
Previous: None
Date: 2022-10-03 12:34:04.700129
Success: True
ErrorMessage: None

SIM/MOTION/DFT/XC/THERMOSTAT/XC_SMOOTH_RHO

New: NONE
Previous: None
Date: 2022-10-03 12:34:04.700132
Success: True
ErrorMessage: None

SIM/MOTION/SUBSYS/DFT/ABC

New: 10.0 10.0 10.0
Previous: None
Date: 2022-10-03 12:34:04.700149
Success: True
ErrorMessage: None

SIM/MOTION/SUBSYS/DFT/ALPHA_BETA_GAMMA

New: 90.0 90.0 90.0
Previous: None
Date: 2022-10-03 12:34:04.700154
Success: True
ErrorMessage: None

SIM/MOTION/SUBSYS/DFT/CELL_REF/ABC

New: 10.0 10.0 10.0
Previous: None
Date: 2022-10-03 12:34:04.700160
Success: True
ErrorMessage: None

SIM/MOTION/SUBSYS/DFT/DEFAULT_KEYWORD

New: NH3_NPT_GEMC_box2_initial.xyz
Previous: None
Date: 2022-10-03 12:34:04.700163
Success: True
ErrorMessage: None

SIM/MOTION/SUBSYS/DFT/PERIODIC

New: XYZ
Previous: None
Date: 2022-10-03 12:34:04.700165
Success: True
ErrorMessage: None

SIM/MOTION/SUBSYS/DFT/SYMMETRY

New: CUBIC
Previous: None
Date: 2022-10-03 12:34:04.700168
Success: True
ErrorMessage: None

SIM/MOTION/SUBSYS/KIND/SECTION_PARAMETERS

New: HH
Previous: None
Date: 2022-10-03 12:34:04.700217
Success: True
ErrorMessage: None

SIM/MOTION/SUBSYS/KIND/BASIS_SET

New: DZVP-MOLOPT-GTH
Previous: None
Date: 2022-10-03 12:34:04.700221
Success: True
ErrorMessage: None

SIM/MOTION/SUBSYS/KIND/ELEMENT

New: H
Previous: None
Date: 2022-10-03 12:34:04.700224
Success: True
ErrorMessage: None

SIM/MOTION/SUBSYS/KIND/POTENTIAL

New: GTH-PBE
Previous: None
Date: 2022-10-03 12:34:04.700228
Success: True
ErrorMessage: None

SIM/MOTION/SUBSYS/KIND/SECTION_PARAMETERS

New: NN
Previous: None
Date: 2022-10-03 12:34:04.700230
Success: True
ErrorMessage: None

SIM/MOTION/SUBSYS/KIND/BASIS_SET

New: DZVP-MOLOPT-GTH
Previous: None
Date: 2022-10-03 12:34:04.700233
Success: True
ErrorMessage: None

SIM/MOTION/SUBSYS/KIND/ELEMENT

New: N
Previous: None
Date: 2022-10-03 12:34:04.700235
Success: True
ErrorMessage: None

SIM/MOTION/SUBSYS/KIND/POTENTIAL

New: GTH-PBE
Previous: None
Date: 2022-10-03 12:34:04.700237
Success: True
ErrorMessage: None

SIM/MOTION/SUBSYS/TOPOLOGY/CONN_FILE_FORMAT

New: MOL_SET
Previous: None
Date: 2022-10-03 12:34:04.700240
Success: True
ErrorMessage: None

SIM/MOTION/SUBSYS/TOPOLOGY/MOL_SET/MOLECULE/NMOL

New: 2
Previous: None
Date: 2022-10-03 12:34:04.700256
Success: True
ErrorMessage: None

SIM/MOTION/SUBSYS/TOPOLOGY/MOL_SET/MOLECULE/CONN_FILE_NAME

New: hydrogen_bias.psf
Previous: None
Date: 2022-10-03 12:34:04.700260
Success: True
ErrorMessage: None

SIM/MOTION/SUBSYS/TOPOLOGY/MOL_SET/MOLECULE/NMOL

New: 2
Previous: None
Date: 2022-10-03 12:34:04.700262
Success: True
ErrorMessage: None

SIM/MOTION/SUBSYS/TOPOLOGY/MOL_SET/MOLECULE/CONN_FILE_NAME

New: nitrogen_bias.psf
Previous: None
Date: 2022-10-03 12:34:04.700265
Success: True
ErrorMessage: None

SIM/MOTION/MC/ENSEMBLE

New: GEMC_NPT
Previous: None
Date: 2022-10-03 12:34:04.700268
Success: True
ErrorMessage: None

SIM/MOTION/MC/TEMPERATURE

New: 298
Previous: None
Date: 2022-10-03 12:34:04.700271
Success: True
ErrorMessage: None

SIM/MOTION/MC/PRESSURE

New: 1.0
Previous: None
Date: 2022-10-03 12:34:04.700275
Success: True
ErrorMessage: None

SIM/MOTION/MC/ETA

New: 1
Previous: None
Date: 2022-10-03 12:34:04.700277
Success: True
ErrorMessage: None

SIM/MOTION/MC/LBIAS

New: TRUE
Previous: None
Date: 2022-10-03 12:34:04.700279
Success: True
ErrorMessage: None

SIM/MOTION/MC/LSTOP

New: FALSE
Previous: None
Date: 2022-10-03 12:34:04.700283
Success: True
ErrorMessage: None

SIM/MOTION/MC/NMOVES

New: 8
Previous: None
Date: 2022-10-03 12:34:04.700286
Success: True
ErrorMessage: None

SIM/MOTION/MC/NSWAPMOVES

New: 640
Previous: None
Date: 2022-10-03 12:34:04.700288
Success: True
ErrorMessage: None

SIM/MOTION/MC/NSTEP

New: 1000
Previous: None
Date: 2022-10-03 12:34:04.700290
Success: True
ErrorMessage: None

SIM/MOTION/MC/RESTART

New: FALSE
Previous: None
Date: 2022-10-03 12:34:04.700291
Success: True
ErrorMessage: None

SIM/MOTION/MC/BOX2_FILE_NAME

New: GEMC_NPT_box1.inp
Previous: None
Date: 2022-10-03 12:34:04.700294
Success: True
ErrorMessage: None

SIM/MOTION/MC/RESTART_FILE_NAME

New: mc_restart_2
Previous: None
Date: 2022-10-03 12:34:04.700296
Success: True
ErrorMessage: None

SIM/MOTION/MC/ETA

New: [0.0, 0]
Previous: None
Date: 2022-10-03 12:34:04.700302
Success: True
ErrorMessage: None

SIM/MOTION/MC/MOVE_PROBABILITIES/PMSWAP

New: 0.4
Previous: None
Date: 2022-10-03 12:34:04.700307
Success: True
ErrorMessage: None

SIM/MOTION/MC/MOVE_PROBABILITIES/PMTRAION

New: 0.5
Previous: None
Date: 2022-10-03 12:34:04.700309
Success: True
ErrorMessage: None

SIM/MOTION/MC/MOVE_PROBABILITIES/PMCLTRANS

New: 0.0
Previous: None
Date: 2022-10-03 12:34:04.700312
Success: True
ErrorMessage: None

SIM/MOTION/MC/MOVE_PROBABILITIES/PMTRANS

New: 0.75
Previous: None
Date: 2022-10-03 12:34:04.700314
Success: True
ErrorMessage: None

SIM/MOTION/MC/MOVE_PROBABILITIES/PMVOLUME

New: 0.05
Previous: None
Date: 2022-10-03 12:34:04.700316
Success: True
ErrorMessage: None

SIM/MOTION/MC/MOVE_PROBABILITIES/PMHMC

New: 0
Previous: None
Date: 2022-10-03 12:34:04.700318
Success: True
ErrorMessage: None

SIM/MOTION/MC/MOVE_PROBABILITIES/PMAVBMC

New: 0
Previous: None
Date: 2022-10-03 12:34:04.700320
Success: True
ErrorMessage: None

SIM/MOTION/MC/MOVE_PROBABILITIES/MOL_PROBABILITIES/PMAVBMC_MOL

New: [1, 1]
Previous: None
Date: 2022-10-03 12:34:04.700324
Success: True
ErrorMessage: None

SIM/MOTION/MC/MOVE_PROBABILITIES/MOL_PROBABILITIES/PMSWAP_MOL

New: [1, 1]
Previous: None
Date: 2022-10-03 12:34:04.700328
Success: True
ErrorMessage: None

SIM/MOTION/MC/MOVE_PROBABILITIES/MOL_PROBABILITIES/PMTRAION_MOL

New: [1, 1]
Previous: None
Date: 2022-10-03 12:34:04.700331
Success: True
ErrorMessage: None

SIM/MOTION/MC/MOVE_PROBABILITIES/MOL_PROBABILITIES/PMTRANS_MOL

New: [1, 1]
Previous: None
Date: 2022-10-03 12:34:04.700334
Success: True
ErrorMessage: None

SIM/MOTION/MC/MOVE_PROBABILITIES/MOL_PROBABILITIES/PMROT_MOL

New: [1, 1]
Previous: None
Date: 2022-10-03 12:34:04.700336
Success: True
ErrorMessage: None

SIM/MOTION/MC/MOVE_PROBABILITIES/BOX_PROBABILITIES/PMVOL_BOX

New: 1.0
Previous: None
Date: 2022-10-03 12:34:04.700339
Success: True
ErrorMessage: None

SIM/MOTION/MC/MOVE_PROBABILITIES/BOX_PROBABILITIES/PMHMC_BOX

New: 1.0
Previous: None
Date: 2022-10-03 12:34:04.700342
Success: True
ErrorMessage: None

SIM/MOTION/MC/AVBMC/IUPTRANS

New: 20
Previous: None
Date: 2022-10-03 12:34:04.700345
Success: True
ErrorMessage: None

SIM/MOTION/MC/AVBMC/IUPVOLUME

New: 20
Previous: None
Date: 2022-10-03 12:34:04.700347
Success: True
ErrorMessage: None

SIM/MOTION/MC/MAX_DISPLACEMENTS/MOL_DISPLACEMENTS/RMDIHEDRAL

New: [3.0, 3.0]
Previous: None
Date: 2022-10-03 12:34:04.700352
Success: True
ErrorMessage: None

SIM/MOTION/MC/MAX_DISPLACEMENTS/MOL_DISPLACEMENTS/RMANGLE

New: [3.0, 3.0]
Previous: None
Date: 2022-10-03 12:34:04.700355
Success: True
ErrorMessage: None

SIM/MOTION/MC/MAX_DISPLACEMENTS/MOL_DISPLACEMENTS/RMBOND

New: [0.074, 0.074]
Previous: None
Date: 2022-10-03 12:34:04.700358
Success: True
ErrorMessage: None

SIM/MOTION/MC/MAX_DISPLACEMENTS/MOL_DISPLACEMENTS/RMROT

New: [26.0, 26.0]
Previous: None
Date: 2022-10-03 12:34:04.700361
Success: True
ErrorMessage: None

SIM/MOTION/MC/MAX_DISPLACEMENTS/MOL_DISPLACEMENTS/RMTRANS

New: [0.38, 0.38]
Previous: None
Date: 2022-10-03 12:34:04.700364
Success: True
ErrorMessage: None

SIM/MOTION/MC/MAX_DISPLACEMENTS/THERMOSTAT/RMVOLUME

New: 201.0
Previous: None
Date: 2022-10-03 12:34:04.700367
Success: True
ErrorMessage: None

SIM/MOTION/MC/AVBMC/AVBMC_ATOM

New: [1, 1]
Previous: None
Date: 2022-10-03 12:34:04.700370
Success: True
ErrorMessage: None

SIM/MOTION/MC/AVBMC/AVBMC_RMIN

New: [1, 1]
Previous: None
Date: 2022-10-03 12:34:04.700373
Success: True
ErrorMessage: None

SIM/MOTION/MC/AVBMC/AVBMC_RMAX

New: [1, 1]
Previous: None
Date: 2022-10-03 12:34:04.700376
Success: True
ErrorMessage: None

SIM/MOTION/MC/AVBMC/PBIAS

New: [1, 1]
Previous: None
Date: 2022-10-03 12:34:04.700379
Success: True
ErrorMessage: None

