SIM/GLOBAL/PRINT_LEVEL

New: LOW
Previous: None
Date: 2021-02-10 08:43:32.371110
Success: True
ErrorMessage: None

SIM/GLOBAL/RUN_TYPE

New: MC
Previous: None
Date: 2021-02-10 08:43:32.371126
Success: True
ErrorMessage: None

SIM/GLOBAL/PRINT_LEVEL

New: LOW
Previous: LOW
Date: 2021-02-10 08:43:32.371133
Success: True
ErrorMessage: None

SIM/GLOBAL/SEED

New: 1
Previous: None
Date: 2021-02-10 08:43:32.371139
Success: True
ErrorMessage: None

SIM/MOTION/METHOD

New: QUICKSTEP
Previous: None
Date: 2021-02-10 08:43:32.371147
Success: True
ErrorMessage: None

SIM/MOTION/STRESS_TENSOR

New: ANALYTICAL
Previous: QUICKSTEP
Date: 2021-02-10 08:43:32.371153
Success: True
ErrorMessage: None

SIM/MOTION/DFT/ABASIS_SET_FILE_NAME

New: BASIS_MOLOPT
Previous: None
Date: 2021-02-10 08:43:32.371160
Success: True
ErrorMessage: None

SIM/MOTION/DFT/POTENTIAL_FILE_NAME

New: GTH_POTENTIALS
Previous: None
Date: 2021-02-10 08:43:32.371167
Success: True
ErrorMessage: None

SIM/MOTION/DFT/CHARGE

New: 0
Previous: None
Date: 2021-02-10 08:43:32.371172
Success: True
ErrorMessage: None

SIM/MOTION/DFT/MULTIPLICITY

New: 1
Previous: None
Date: 2021-02-10 08:43:32.371178
Success: True
ErrorMessage: None

SIM/MOTION/DFT/MGRID/CUTOFF

New: 200
Previous: None
Date: 2021-02-10 08:43:32.371185
Success: True
ErrorMessage: None

SIM/MOTION/DFT/MGRID/REL_CUTOFF

New: 60
Previous: None
Date: 2021-02-10 08:43:32.371190
Success: True
ErrorMessage: None

SIM/MOTION/DFT/MGRID/NGRIDS

New: 4
Previous: None
Date: 2021-02-10 08:43:32.371196
Success: True
ErrorMessage: None

SIM/MOTION/DFT/ENERGY/METHOD

New: GPW
Previous: None
Date: 2021-02-10 08:43:32.371204
Success: True
ErrorMessage: None

SIM/MOTION/DFT/ENERGY/EPS_DEFAULT

New: 1e-08
Previous: None
Date: 2021-02-10 08:43:32.371210
Success: True
ErrorMessage: None

SIM/MOTION/DFT/ENERGY/EXTRAPOLATION

New: ASPC
Previous: None
Date: 2021-02-10 08:43:32.371217
Success: True
ErrorMessage: None

SIM/MOTION/DFT/POISSON/PERIODIC

New: XYZ
Previous: None
Date: 2021-02-10 08:43:32.371226
Success: True
ErrorMessage: None

SIM/MOTION/DFT/PRINT/PRINT/SECTION_PARAMETERS

New: OFF
Previous: None
Date: 2021-02-10 08:43:32.371237
Success: True
ErrorMessage: None

SIM/MOTION/DFT/SCF/SCF_GUESS

New: ATOMIC
Previous: None
Date: 2021-02-10 08:43:32.371246
Success: True
ErrorMessage: None

SIM/MOTION/DFT/SCF/MAX_SCF

New: 20
Previous: None
Date: 2021-02-10 08:43:32.371253
Success: True
ErrorMessage: None

SIM/MOTION/DFT/SCF/SCF_GUESS

New: RESTART
Previous: ATOMIC
Date: 2021-02-10 08:43:32.371265
Success: True
ErrorMessage: None

SIM/MOTION/DFT/SCF/OT/SECTION_PARAMETERS

New: .TRUE.
Previous: None
Date: 2021-02-10 08:43:32.371283
Success: True
ErrorMessage: None

SIM/MOTION/DFT/SCF/OT/PRECONDITIONER

New: FULL_SINGLE_INVERSE
Previous: None
Date: 2021-02-10 08:43:32.371293
Success: True
ErrorMessage: None

SIM/MOTION/DFT/SCF/OT/MINIMIZER

New: DIIS
Previous: None
Date: 2021-02-10 08:43:32.371300
Success: True
ErrorMessage: None

SIM/MOTION/DFT/SCF/OUTER_SCF/SECTION_PARAMETERS

New: .TRUE.
Previous: None
Date: 2021-02-10 08:43:32.371308
Success: True
ErrorMessage: None

SIM/MOTION/DFT/SCF/OUTER_SCF/MAX_SCF

New: 10
Previous: None
Date: 2021-02-10 08:43:32.371315
Success: True
ErrorMessage: None

SIM/MOTION/DFT/SCF/OUTER_SCF/EPS_SCF

New: 1e-06
Previous: 1e-06
Date: 2021-02-10 08:43:32.371322
Success: True
ErrorMessage: None

SIM/MOTION/DFT/SCF/SCF_PRINT/FORCES/SECTION_PARAMETERS

New: OFF
Previous: None
Date: 2021-02-10 08:43:32.371331
Success: True
ErrorMessage: None

SIM/MOTION/DFT/SCF/SCF_PRINT/DM_RESTART_WRITE

New: .TRUE.
Previous: None
Date: 2021-02-10 08:43:32.371337
Success: True
ErrorMessage: None

SIM/MOTION/DFT/XC/XC_FUNCTIONAL/SECTION_PARAMETERS

New: PBE
Previous: None
Date: 2021-02-10 08:43:32.371346
Success: True
ErrorMessage: None

SIM/MOTION/DFT/XC/VDW_POTENTIAL/POTENTIAL_TYPE

New: PAIR_POTENTIAL
Previous: None
Date: 2021-02-10 08:43:32.371354
Success: True
ErrorMessage: None

SIM/MOTION/DFT/XC/VDW_POTENTIAL/PAIR_POTENTIAL/TYPE

New: DFTD3
Previous: None
Date: 2021-02-10 08:43:32.371363
Success: True
ErrorMessage: None

SIM/MOTION/DFT/XC/VDW_POTENTIAL/PAIR_POTENTIAL/PARAMETER_FILE_NAME

New: dftd3.dat
Previous: None
Date: 2021-02-10 08:43:32.371370
Success: True
ErrorMessage: None

SIM/MOTION/DFT/XC/VDW_POTENTIAL/PAIR_POTENTIAL/REFERENCE_FUNCTIONAL

New: PBE
Previous: None
Date: 2021-02-10 08:43:32.371376
Success: True
ErrorMessage: None

SIM/MOTION/DFT/XC/VDW_POTENTIAL/PAIR_POTENTIAL/R_CUTOFF

New: 12
Previous: None
Date: 2021-02-10 08:43:32.371382
Success: True
ErrorMessage: None

SIM/MOTION/DFT/XC/VDW_POTENTIAL/PAIR_POTENTIAL/CALCULATE_C9_TERM

New: .TRUE.
Previous: None
Date: 2021-02-10 08:43:32.371390
Success: True
ErrorMessage: None

SIM/MOTION/DFT/XC/VDW_POTENTIAL/PAIR_POTENTIAL/REFERENCE_C9_TERM

New: .TRUE.
Previous: None
Date: 2021-02-10 08:43:32.371397
Success: True
ErrorMessage: None

SIM/MOTION/DFT/XC/VDW_POTENTIAL/PAIR_POTENTIAL/LONG_RANGE_CORRECTION

New: .TRUE.
Previous: None
Date: 2021-02-10 08:43:32.371404
Success: True
ErrorMessage: None

SIM/MOTION/DFT/XC/VDW_POTENTIAL/PAIR_POTENTIAL/EPS_CN

New: 1e-06
Previous: None
Date: 2021-02-10 08:43:32.371410
Success: True
ErrorMessage: None

SIM/MOTION/DFT/XC/THERMOSTAT/XC_DERIV

New: SPLINE2
Previous: None
Date: 2021-02-10 08:43:32.371418
Success: True
ErrorMessage: None

SIM/MOTION/DFT/XC/THERMOSTAT/XC_SMOOTH_RHO

New: NONE
Previous: None
Date: 2021-02-10 08:43:32.371425
Success: True
ErrorMessage: None

SIM/MOTION/SUBSYS/DFT/ABC

New: 10.0 10.0 10.0
Previous: None
Date: 2021-02-10 08:43:32.371463
Success: True
ErrorMessage: None

SIM/MOTION/SUBSYS/DFT/ALPHA_BETA_GAMMA

New: 90.0 90.0 90.0
Previous: None
Date: 2021-02-10 08:43:32.371477
Success: True
ErrorMessage: None

SIM/MOTION/SUBSYS/DFT/CELL_REF/ABC

New: 10.0 10.0 10.0
Previous: None
Date: 2021-02-10 08:43:32.371490
Success: True
ErrorMessage: None

SIM/MOTION/SUBSYS/DFT/DEFAULT_KEYWORD

New: N2_NVT_GEMC_box2_initial.xyz
Previous: None
Date: 2021-02-10 08:43:32.371497
Success: True
ErrorMessage: None

SIM/MOTION/SUBSYS/DFT/PERIODIC

New: XYZ
Previous: None
Date: 2021-02-10 08:43:32.371504
Success: True
ErrorMessage: None

SIM/MOTION/SUBSYS/DFT/SYMMETRY

New: CUBIC
Previous: None
Date: 2021-02-10 08:43:32.371512
Success: True
ErrorMessage: None

SIM/MOTION/SUBSYS/KIND/SECTION_PARAMETERS

New: N
Previous: None
Date: 2021-02-10 08:43:32.371617
Success: True
ErrorMessage: None

SIM/MOTION/SUBSYS/KIND/BASIS_SET

New: DZVP-MOLOPT-GTH
Previous: None
Date: 2021-02-10 08:43:32.371627
Success: True
ErrorMessage: None

SIM/MOTION/SUBSYS/KIND/POTENTIAL

New: GTH-PBE
Previous: None
Date: 2021-02-10 08:43:32.371636
Success: True
ErrorMessage: None

SIM/MOTION/SUBSYS/TOPOLOGY/CONN_FILE_FORMAT

New: MOL_SET
Previous: None
Date: 2021-02-10 08:43:32.371643
Success: True
ErrorMessage: None

SIM/MOTION/SUBSYS/TOPOLOGY/MOL_SET/MOLECULE/NMOL

New: 1
Previous: None
Date: 2021-02-10 08:43:32.371681
Success: True
ErrorMessage: None

SIM/MOTION/SUBSYS/TOPOLOGY/MOL_SET/MOLECULE/CONN_FILE_NAME

New: nitrogen_bias.psf
Previous: None
Date: 2021-02-10 08:43:32.371690
Success: True
ErrorMessage: None

SIM/MOTION/MC/ENSEMBLE

New: GEMC_NVT
Previous: None
Date: 2021-02-10 08:43:32.371700
Success: True
ErrorMessage: None

SIM/MOTION/MC/TEMPERATURE

New: 298
Previous: None
Date: 2021-02-10 08:43:32.371707
Success: True
ErrorMessage: None

SIM/MOTION/MC/PRESSURE

New: 1.0
Previous: None
Date: 2021-02-10 08:43:32.371714
Success: True
ErrorMessage: None

SIM/MOTION/MC/ETA

New: 1
Previous: None
Date: 2021-02-10 08:43:32.371720
Success: True
ErrorMessage: None

SIM/MOTION/MC/LBIAS

New: TRUE
Previous: None
Date: 2021-02-10 08:43:32.371726
Success: True
ErrorMessage: None

SIM/MOTION/MC/LSTOP

New: FALSE
Previous: None
Date: 2021-02-10 08:43:32.371731
Success: True
ErrorMessage: None

SIM/MOTION/MC/NMOVES

New: 8
Previous: None
Date: 2021-02-10 08:43:32.371738
Success: True
ErrorMessage: None

SIM/MOTION/MC/NSWAPMOVES

New: 640
Previous: None
Date: 2021-02-10 08:43:32.371744
Success: True
ErrorMessage: None

SIM/MOTION/MC/NSTEP

New: 1000
Previous: None
Date: 2021-02-10 08:43:32.371750
Success: True
ErrorMessage: None

SIM/MOTION/MC/RESTART

New: FALSE
Previous: None
Date: 2021-02-10 08:43:32.371756
Success: True
ErrorMessage: None

SIM/MOTION/MC/BOX2_FILE_NAME

New: GEMC_NVT_box1.inp
Previous: None
Date: 2021-02-10 08:43:32.371763
Success: True
ErrorMessage: None

SIM/MOTION/MC/RESTART_FILE_NAME

New: mc_restart_2
Previous: None
Date: 2021-02-10 08:43:32.371768
Success: True
ErrorMessage: None

SIM/MOTION/MC/ETA

New: 0.0
Previous: None
Date: 2021-02-10 08:43:32.371774
Success: True
ErrorMessage: None

SIM/MOTION/MC/MOVE_PROBABILITIES/PMSWAP

New: 0.4
Previous: None
Date: 2021-02-10 08:43:32.371783
Success: True
ErrorMessage: None

SIM/MOTION/MC/MOVE_PROBABILITIES/PMTRAION

New: 0.5
Previous: None
Date: 2021-02-10 08:43:32.371789
Success: True
ErrorMessage: None

SIM/MOTION/MC/MOVE_PROBABILITIES/PMCLTRANS

New: 0.0
Previous: None
Date: 2021-02-10 08:43:32.371795
Success: True
ErrorMessage: None

SIM/MOTION/MC/MOVE_PROBABILITIES/PMTRANS

New: 0.75
Previous: None
Date: 2021-02-10 08:43:32.371801
Success: True
ErrorMessage: None

SIM/MOTION/MC/MOVE_PROBABILITIES/PMVOLUME

New: 0.05
Previous: None
Date: 2021-02-10 08:43:32.371807
Success: True
ErrorMessage: None

SIM/MOTION/MC/MOVE_PROBABILITIES/PMHMC

New: 0
Previous: None
Date: 2021-02-10 08:43:32.371814
Success: True
ErrorMessage: None

SIM/MOTION/MC/MOVE_PROBABILITIES/PMAVBMC

New: 0
Previous: None
Date: 2021-02-10 08:43:32.371820
Success: True
ErrorMessage: None

SIM/MOTION/MC/MOVE_PROBABILITIES/MOL_PROBABILITIES/PMAVBMC_MOL

New: [1]
Previous: None
Date: 2021-02-10 08:43:32.371835
Success: True
ErrorMessage: None

SIM/MOTION/MC/MOVE_PROBABILITIES/MOL_PROBABILITIES/PMSWAP_MOL

New: [1]
Previous: None
Date: 2021-02-10 08:43:32.371845
Success: True
ErrorMessage: None

SIM/MOTION/MC/MOVE_PROBABILITIES/MOL_PROBABILITIES/PMTRAION_MOL

New: [1]
Previous: None
Date: 2021-02-10 08:43:32.371853
Success: True
ErrorMessage: None

SIM/MOTION/MC/MOVE_PROBABILITIES/MOL_PROBABILITIES/PMTRANS_MOL

New: [1]
Previous: None
Date: 2021-02-10 08:43:32.371862
Success: True
ErrorMessage: None

SIM/MOTION/MC/MOVE_PROBABILITIES/MOL_PROBABILITIES/PMROT_MOL

New: [1]
Previous: None
Date: 2021-02-10 08:43:32.371870
Success: True
ErrorMessage: None

SIM/MOTION/MC/MOVE_PROBABILITIES/BOX_PROBABILITIES/PMVOL_BOX

New: 1.0
Previous: None
Date: 2021-02-10 08:43:32.371878
Success: True
ErrorMessage: None

SIM/MOTION/MC/MOVE_PROBABILITIES/BOX_PROBABILITIES/PMHMC_BOX

New: 1.0
Previous: None
Date: 2021-02-10 08:43:32.371885
Success: True
ErrorMessage: None

SIM/MOTION/MC/AVBMC/IUPTRANS

New: 20
Previous: None
Date: 2021-02-10 08:43:32.371893
Success: True
ErrorMessage: None

SIM/MOTION/MC/AVBMC/IUPVOLUME

New: 20
Previous: None
Date: 2021-02-10 08:43:32.371899
Success: True
ErrorMessage: None

SIM/MOTION/MC/MAX_DISPLACEMENTS/MOL_DISPLACEMENTS/RMDIHEDRAL

New: [3.0]
Previous: None
Date: 2021-02-10 08:43:32.371911
Success: True
ErrorMessage: None

SIM/MOTION/MC/MAX_DISPLACEMENTS/MOL_DISPLACEMENTS/RMANGLE

New: [3.0]
Previous: None
Date: 2021-02-10 08:43:32.371921
Success: True
ErrorMessage: None

SIM/MOTION/MC/MAX_DISPLACEMENTS/MOL_DISPLACEMENTS/RMBOND

New: [0.074]
Previous: None
Date: 2021-02-10 08:43:32.371929
Success: True
ErrorMessage: None

SIM/MOTION/MC/MAX_DISPLACEMENTS/MOL_DISPLACEMENTS/RMROT

New: [26.0]
Previous: None
Date: 2021-02-10 08:43:32.371938
Success: True
ErrorMessage: None

SIM/MOTION/MC/MAX_DISPLACEMENTS/MOL_DISPLACEMENTS/RMTRANS

New: [0.38]
Previous: None
Date: 2021-02-10 08:43:32.371947
Success: True
ErrorMessage: None

SIM/MOTION/MC/MAX_DISPLACEMENTS/THERMOSTAT/RMVOLUME

New: 100.5
Previous: None
Date: 2021-02-10 08:43:32.371956
Success: True
ErrorMessage: None

SIM/MOTION/MC/AVBMC/AVBMC_ATOM

New: [1]
Previous: None
Date: 2021-02-10 08:43:32.371967
Success: True
ErrorMessage: None

SIM/MOTION/MC/AVBMC/AVBMC_RMIN

New: [1]
Previous: None
Date: 2021-02-10 08:43:32.371977
Success: True
ErrorMessage: None

SIM/MOTION/MC/AVBMC/AVBMC_RMAX

New: [1]
Previous: None
Date: 2021-02-10 08:43:32.371986
Success: True
ErrorMessage: None

SIM/MOTION/MC/AVBMC/PBIAS

New: [1]
Previous: None
Date: 2021-02-10 08:43:32.371994
Success: True
ErrorMessage: None

