SIM/GLOBAL/RUN_TYPE

New: MC
Previous: None
Date: 2022-10-04 12:01:32.353904
Success: True
ErrorMessage: None

SIM/GLOBAL/PRINT_LEVEL

New: LOW
Previous: None
Date: 2022-10-04 12:01:32.353910
Success: True
ErrorMessage: None

SIM/MOTION/MC/ENSEMBLE

New: TRADITIONAL
Previous: None
Date: 2022-10-04 12:01:32.353914
Success: True
ErrorMessage: None

SIM/MOTION/MC/TEMPERATURE

New: 298
Previous: None
Date: 2022-10-04 12:01:32.353917
Success: True
ErrorMessage: None

SIM/MOTION/MC/PRESSURE

New: 1.0
Previous: None
Date: 2022-10-04 12:01:32.353919
Success: True
ErrorMessage: None

SIM/MOTION/MC/ETA

New: 1
Previous: None
Date: 2022-10-04 12:01:32.353922
Success: True
ErrorMessage: None

SIM/MOTION/MC/LBIAS

New: TRUE
Previous: None
Date: 2022-10-04 12:01:32.353924
Success: True
ErrorMessage: None

SIM/MOTION/MC/LSTOP

New: FALSE
Previous: None
Date: 2022-10-04 12:01:32.353927
Success: True
ErrorMessage: None

SIM/MOTION/MC/NMOVES

New: 8
Previous: None
Date: 2022-10-04 12:01:32.353929
Success: True
ErrorMessage: None

SIM/MOTION/MC/NSWAPMOVES

New: 640
Previous: None
Date: 2022-10-04 12:01:32.353931
Success: True
ErrorMessage: None

SIM/MOTION/MC/NSTEP

New: 1
Previous: None
Date: 2022-10-04 12:01:32.353933
Success: True
ErrorMessage: None

SIM/MOTION/MC/RESTART

New: FALSE
Previous: None
Date: 2022-10-04 12:01:32.353935
Success: True
ErrorMessage: None

SIM/MOTION/MC/ETA

New: [0.0]
Previous: None
Date: 2022-10-04 12:01:32.353938
Success: True
ErrorMessage: None

SIM/MOTION/MC/MOVE_PROBABILITIES/PMSWAP

New: 0.0
Previous: None
Date: 2022-10-04 12:01:32.353941
Success: True
ErrorMessage: None

SIM/MOTION/MC/MOVE_PROBABILITIES/PMTRAION

New: 0.2
Previous: None
Date: 2022-10-04 12:01:32.353944
Success: True
ErrorMessage: None

SIM/MOTION/MC/MOVE_PROBABILITIES/PMTRANS

New: 0.6
Previous: None
Date: 2022-10-04 12:01:32.353946
Success: True
ErrorMessage: None

SIM/MOTION/MC/MOVE_PROBABILITIES/PMVOLUME

New: 0.02
Previous: None
Date: 2022-10-04 12:01:32.353948
Success: True
ErrorMessage: None

SIM/MOTION/MC/MOVE_PROBABILITIES/PMHMC

New: 0.0
Previous: None
Date: 2022-10-04 12:01:32.353950
Success: True
ErrorMessage: None

SIM/MOTION/MC/MOVE_PROBABILITIES/PMAVBMC

New: 0.0
Previous: None
Date: 2022-10-04 12:01:32.353953
Success: True
ErrorMessage: None

SIM/MOTION/MC/MOVE_PROBABILITIES/MOL_PROBABILITIES/PMAVBMC_MOL

New: [1]
Previous: None
Date: 2022-10-04 12:01:32.353957
Success: True
ErrorMessage: None

SIM/MOTION/MC/MOVE_PROBABILITIES/MOL_PROBABILITIES/PMSWAP_MOL

New: [1.0]
Previous: None
Date: 2022-10-04 12:01:32.353960
Success: True
ErrorMessage: None

SIM/MOTION/MC/MOVE_PROBABILITIES/MOL_PROBABILITIES/PMTRAION_MOL

New: [1.0]
Previous: None
Date: 2022-10-04 12:01:32.353963
Success: True
ErrorMessage: None

SIM/MOTION/MC/MOVE_PROBABILITIES/MOL_PROBABILITIES/PMTRANS_MOL

New: [1.0]
Previous: None
Date: 2022-10-04 12:01:32.353965
Success: True
ErrorMessage: None

SIM/MOTION/MC/MOVE_PROBABILITIES/MOL_PROBABILITIES/PMROT_MOL

New: [1.0]
Previous: None
Date: 2022-10-04 12:01:32.353968
Success: True
ErrorMessage: None

SIM/MOTION/MC/MOVE_PROBABILITIES/BOX_PROBABILITIES/PMVOL_BOX

New: 1.0
Previous: None
Date: 2022-10-04 12:01:32.353971
Success: True
ErrorMessage: None

SIM/MOTION/MC/MOVE_PROBABILITIES/BOX_PROBABILITIES/PMHMC_BOX

New: 1.0
Previous: None
Date: 2022-10-04 12:01:32.353973
Success: True
ErrorMessage: None

SIM/MOTION/MC/AVBMC/IUPTRANS

New: 100
Previous: None
Date: 2022-10-04 12:01:32.353976
Success: True
ErrorMessage: None

SIM/MOTION/MC/AVBMC/IUPVOLUME

New: 100
Previous: None
Date: 2022-10-04 12:01:32.353978
Success: True
ErrorMessage: None

SIM/MOTION/MC/MAX_DISPLACEMENTS/MOL_DISPLACEMENTS/RMDIHEDRAL

New: [3.0]
Previous: None
Date: 2022-10-04 12:01:32.353982
Success: True
ErrorMessage: None

SIM/MOTION/MC/MAX_DISPLACEMENTS/MOL_DISPLACEMENTS/RMANGLE

New: [3.0]
Previous: None
Date: 2022-10-04 12:01:32.353985
Success: True
ErrorMessage: None

SIM/MOTION/MC/MAX_DISPLACEMENTS/MOL_DISPLACEMENTS/RMBOND

New: [0.074]
Previous: None
Date: 2022-10-04 12:01:32.353988
Success: True
ErrorMessage: None

SIM/MOTION/MC/MAX_DISPLACEMENTS/MOL_DISPLACEMENTS/RMROT

New: [26.0]
Previous: None
Date: 2022-10-04 12:01:32.353990
Success: True
ErrorMessage: None

SIM/MOTION/MC/MAX_DISPLACEMENTS/MOL_DISPLACEMENTS/RMTRANS

New: [0.38]
Previous: None
Date: 2022-10-04 12:01:32.353993
Success: True
ErrorMessage: None

SIM/MOTION/MC/MAX_DISPLACEMENTS/THERMOSTAT/RMVOLUME

New: 100.5
Previous: None
Date: 2022-10-04 12:01:32.353996
Success: True
ErrorMessage: None

SIM/MOTION/MC/AVBMC/AVBMC_ATOM

New: [1]
Previous: None
Date: 2022-10-04 12:01:32.353999
Success: True
ErrorMessage: None

SIM/MOTION/MC/AVBMC/AVBMC_RMIN

New: [1.0]
Previous: None
Date: 2022-10-04 12:01:32.354002
Success: True
ErrorMessage: None

SIM/MOTION/MC/AVBMC/AVBMC_RMAX

New: [5.0]
Previous: None
Date: 2022-10-04 12:01:32.354005
Success: True
ErrorMessage: None

SIM/MOTION/MC/AVBMC/PBIAS

New: [0.5]
Previous: None
Date: 2022-10-04 12:01:32.354008
Success: True
ErrorMessage: None

SIM/MOTION/METHOD

New: FIST
Previous: None
Date: 2022-10-04 12:01:32.354011
Success: True
ErrorMessage: None

SIM/MOTION/MM/FORCEFIELD/PARMTYPE

New: CHM
Previous: None
Date: 2022-10-04 12:01:32.354023
Success: True
ErrorMessage: None

SIM/MOTION/MM/FORCEFIELD/PARM_FILE_NAME

New: overall_charmm_bias.inp
Previous: None
Date: 2022-10-04 12:01:32.354026
Success: True
ErrorMessage: None

SIM/MOTION/MM/FORCEFIELD/SPLINE/EMAX_SPLINE

New: 10000
Previous: None
Date: 2022-10-04 12:01:32.354036
Success: True
ErrorMessage: None

SIM/MOTION/MM/POISSON/EWALD/EWALD_TYPE

New: EWALD
Previous: None
Date: 2022-10-04 12:01:32.354040
Success: True
ErrorMessage: None

SIM/MOTION/MM/POISSON/EWALD/EWALD_ACCURACY

New: 1e-06
Previous: None
Date: 2022-10-04 12:01:32.354042
Success: True
ErrorMessage: None

SIM/MOTION/MM/POISSON/EWALD/GMAX

New: 25
Previous: None
Date: 2022-10-04 12:01:32.354045
Success: True
ErrorMessage: None

SIM/MOTION/SUBSYS/DFT/ABC

New: 10 10 10
Previous: None
Date: 2022-10-04 12:01:32.354047
Success: True
ErrorMessage: None

SIM/MOTION/SUBSYS/DFT/PERIODIC

New: XYZ
Previous: None
Date: 2022-10-04 12:01:32.354050
Success: True
ErrorMessage: None

SIM/MOTION/SUBSYS/DFT/SYMMETRY

New: CUBIC
Previous: None
Date: 2022-10-04 12:01:32.354053
Success: True
ErrorMessage: None

SIM/MOTION/SUBSYS/DFT/DEFAULT_KEYWORD

New: bias_coord.xyz
Previous: None
Date: 2022-10-04 12:01:32.354055
Success: True
ErrorMessage: None

SIM/MOTION/SUBSYS/TOPOLOGY/CONN_FILE_FORMAT

New: MOL_SET
Previous: None
Date: 2022-10-04 12:01:32.354058
Success: True
ErrorMessage: None

SIM/MOTION/SUBSYS/TOPOLOGY/MOL_SET/MOLECULE/NMOL

New: 2
Previous: None
Date: 2022-10-04 12:01:32.354084
Success: True
ErrorMessage: None

SIM/MOTION/SUBSYS/TOPOLOGY/MOL_SET/MOLECULE/CONN_FILE_NAME

New: water_bias.psf
Previous: None
Date: 2022-10-04 12:01:32.354088
Success: True
ErrorMessage: None

SIM/MOTION/SUBSYS/TOPOLOGY/MOL_SET/MOLECULE/NMOL

New: 2
Previous: None
Date: 2022-10-04 12:01:32.354090
Success: True
ErrorMessage: None

SIM/MOTION/SUBSYS/TOPOLOGY/MOL_SET/MOLECULE/CONN_FILE_NAME

New: hydrogen_bias.psf
Previous: None
Date: 2022-10-04 12:01:32.354093
Success: True
ErrorMessage: None

